[2025-12-14 08:07:10] [INFO] User logged in {"user_id":"user-1","email":"admin@taskflow.com"}
[2025-12-14 08:08:00] [INFO] User logged out {"user_id":"user-1"}
[2025-12-14 08:08:05] [INFO] User logged in {"user_id":"33921795-e71f-45dc-8e34-037d61023114","email":"tri@gmail.com"}
[2025-12-14 08:09:32] [INFO] User logged out {"user_id":"33921795-e71f-45dc-8e34-037d61023114"}
[2025-12-14 08:09:37] [INFO] User logged in {"user_id":"user-1","email":"admin@taskflow.com"}
[2025-12-14 08:17:42] [INFO] User logged out {"user_id":"user-1"}
[2025-12-14 08:17:48] [INFO] User logged in {"user_id":"user-2","email":"manager@taskflow.com"}
[2025-12-14 08:27:52] [INFO] User logged out {"user_id":"user-2"}
[2025-12-14 08:27:58] [INFO] User logged in {"user_id":"33921795-e71f-45dc-8e34-037d61023114","email":"tri@gmail.com"}
[2025-12-14 08:28:25] [INFO] User logged out {"user_id":"33921795-e71f-45dc-8e34-037d61023114"}
[2025-12-14 08:28:32] [INFO] User logged in {"user_id":"user-4","email":"frontend@taskflow.com"}
[2025-12-14 08:28:38] [INFO] User logged out {"user_id":"user-4"}
[2025-12-14 08:28:46] [INFO] User logged in {"user_id":"user-8","email":"ba@taskflow.com"}
[2025-12-14 08:29:12] [INFO] User logged out {"user_id":"user-8"}
[2025-12-14 08:29:19] [INFO] User logged in {"user_id":"user-1","email":"admin@taskflow.com"}
[2025-12-14 08:29:23] [INFO] User logged out {"user_id":"user-1"}
[2025-12-14 08:29:30] [INFO] User logged in {"user_id":"user-2","email":"manager@taskflow.com"}
[2025-12-14 08:29:35] [INFO] User logged out {"user_id":"user-2"}
[2025-12-14 08:29:45] [INFO] User logged in {"user_id":"33921795-e71f-45dc-8e34-037d61023114","email":"tri@gmail.com"}
[2025-12-14 08:30:53] [INFO] User logged out {"user_id":"33921795-e71f-45dc-8e34-037d61023114"}
[2025-12-14 08:30:58] [INFO] User logged in {"user_id":"user-1","email":"admin@taskflow.com"}
[2025-12-14 08:31:53] [INFO] User logged out {"user_id":"user-1"}
[2025-12-14 08:31:59] [INFO] User logged in {"user_id":"user-1","email":"admin@taskflow.com"}
[2025-12-14 08:46:03] [INFO] User logged out {"user_id":"user-1"}
[2025-12-14 08:46:08] [INFO] User logged in {"user_id":"user-3","email":"designer@taskflow.com"}
[2025-12-14 08:46:25] [INFO] User logged out {"user_id":"user-3"}
[2025-12-14 08:46:29] [INFO] User logged in {"user_id":"user-1","email":"admin@taskflow.com"}
[2025-12-14 08:46:40] [INFO] User logged out {"user_id":"user-1"}
[2025-12-14 08:46:44] [INFO] User logged in {"user_id":"user-3","email":"designer@taskflow.com"}
[2025-12-14 08:47:11] [INFO] User logged out {"user_id":"user-3"}
[2025-12-14 08:47:15] [INFO] User logged in {"user_id":"user-1","email":"admin@taskflow.com"}
[2025-12-14 08:54:53] [INFO] User logged out {"user_id":"user-1"}
[2025-12-14 08:54:58] [INFO] User logged in {"user_id":"user-3","email":"designer@taskflow.com"}
[2025-12-14 08:55:44] [INFO] User logged out {"user_id":"user-3"}
[2025-12-14 08:55:48] [INFO] User logged in {"user_id":"33921795-e71f-45dc-8e34-037d61023114","email":"tri@gmail.com"}
[2025-12-14 08:57:14] [INFO] User logged out {"user_id":"33921795-e71f-45dc-8e34-037d61023114"}
[2025-12-14 08:57:18] [INFO] User logged in {"user_id":"user-1","email":"admin@taskflow.com"}
[2025-12-14 09:28:26] [INFO] User logged out {"user_id":"user-1"}
[2025-12-14 09:28:40] [INFO] User logged in {"user_id":"user-1","email":"admin@taskflow.com"}
