[2025-12-20 11:42:51] [INFO] User logged in {"user_id":"user-1","email":"admin@taskflow.com"}
[2025-12-20 11:44:22] [INFO] User logged out {"user_id":"user-1"}
[2025-12-20 11:44:27] [INFO] User logged in {"user_id":"user-3","email":"designer@taskflow.com"}
[2025-12-20 11:45:43] [INFO] User logged out {"user_id":"user-3"}
[2025-12-20 11:45:57] [INFO] User logged in {"user_id":"user-2","email":"manager@taskflow.com"}
[2025-12-20 11:46:32] [INFO] User logged out {"user_id":"user-2"}
[2025-12-20 11:46:35] [INFO] User logged in {"user_id":"user-1","email":"admin@taskflow.com"}
[2025-12-20 11:51:40] [INFO] User logged out {"user_id":"user-1"}
[2025-12-20 11:51:44] [INFO] User logged in {"user_id":"user-3","email":"designer@taskflow.com"}
[2025-12-20 11:52:10] [INFO] User logged out {"user_id":"user-3"}
[2025-12-20 11:52:18] [INFO] User logged in {"user_id":"user-8","email":"ba@taskflow.com"}
[2025-12-20 11:52:24] [INFO] User logged out {"user_id":"user-8"}
[2025-12-20 11:52:28] [INFO] User logged in {"user_id":"33921795-e71f-45dc-8e34-037d61023114","email":"tri@gmail.com"}
[2025-12-20 11:52:34] [INFO] User logged out {"user_id":"33921795-e71f-45dc-8e34-037d61023114"}
[2025-12-20 11:52:39] [INFO] User logged in {"user_id":"user-1","email":"admin@taskflow.com"}
[2025-12-20 11:56:59] [INFO] User logged out {"user_id":"user-1"}
[2025-12-20 11:57:04] [INFO] User logged in {"user_id":"user-3","email":"designer@taskflow.com"}
[2025-12-20 11:57:31] [INFO] User logged out {"user_id":"user-3"}
[2025-12-20 11:57:34] [INFO] User logged in {"user_id":"33921795-e71f-45dc-8e34-037d61023114","email":"tri@gmail.com"}
[2025-12-20 11:57:51] [INFO] User logged out {"user_id":"33921795-e71f-45dc-8e34-037d61023114"}
[2025-12-20 11:57:56] [INFO] User logged in {"user_id":"user-1","email":"admin@taskflow.com"}
[2025-12-20 12:00:21] [INFO] User logged out {"user_id":"user-1"}
[2025-12-20 12:00:25] [INFO] User logged in {"user_id":"user-3","email":"designer@taskflow.com"}
[2025-12-20 12:00:42] [INFO] User logged out {"user_id":"user-3"}
[2025-12-20 12:00:45] [INFO] User logged in {"user_id":"user-1","email":"admin@taskflow.com"}
[2025-12-20 12:02:47] [INFO] User logged out {"user_id":"user-1"}
[2025-12-20 12:02:58] [INFO] User data from DB {"user_id":"user-3","email":"designer@taskflow.com","role":"member","role_type":"string"}
[2025-12-20 12:02:58] [INFO] User logged in {"user_id":"user-3","email":"designer@taskflow.com"}
[2025-12-20 12:15:43] [INFO] User logged out {"user_id":"user-3"}
[2025-12-20 12:15:46] [INFO] User data from DB {"user_id":"user-1","email":"admin@taskflow.com","role":"admin","role_type":"string"}
[2025-12-20 12:15:46] [INFO] User logged in {"user_id":"user-1","email":"admin@taskflow.com"}
[2025-12-20 12:25:17] [INFO] User logged out {"user_id":"user-1"}
[2025-12-20 12:25:20] [INFO] User data from DB {"user_id":"user-3","email":"designer@taskflow.com","role":"member","role_type":"string"}
[2025-12-20 12:25:20] [INFO] User logged in {"user_id":"user-3","email":"designer@taskflow.com"}
[2025-12-20 12:31:38] [INFO] User logged out {"user_id":"user-3"}
[2025-12-20 12:31:43] [INFO] User data from DB {"user_id":"33921795-e71f-45dc-8e34-037d61023114","email":"tri@gmail.com","role":"member","role_type":"string"}
[2025-12-20 12:31:43] [INFO] User logged in {"user_id":"33921795-e71f-45dc-8e34-037d61023114","email":"tri@gmail.com"}
[2025-12-20 12:31:49] [INFO] User logged out {"user_id":"33921795-e71f-45dc-8e34-037d61023114"}
[2025-12-20 12:31:55] [INFO] User data from DB {"user_id":"user-2","email":"manager@taskflow.com","role":"manager","role_type":"string"}
[2025-12-20 12:31:55] [INFO] User logged in {"user_id":"user-2","email":"manager@taskflow.com"}
[2025-12-20 12:32:10] [INFO] User logged out {"user_id":"user-2"}
[2025-12-20 12:32:15] [INFO] User data from DB {"user_id":"user-1","email":"admin@taskflow.com","role":"admin","role_type":"string"}
[2025-12-20 12:32:15] [INFO] User logged in {"user_id":"user-1","email":"admin@taskflow.com"}
[2025-12-20 13:03:13] [INFO] User logged out {"user_id":"user-1"}
[2025-12-20 13:03:17] [INFO] User data from DB {"user_id":"user-2","email":"manager@taskflow.com","role":"manager","role_type":"string"}
[2025-12-20 13:03:17] [INFO] User logged in {"user_id":"user-2","email":"manager@taskflow.com"}
[2025-12-20 13:04:22] [INFO] User logged out {"user_id":"user-2"}
[2025-12-20 13:04:40] [INFO] User data from DB {"user_id":"user-2","email":"manager@taskflow.com","role":"manager","role_type":"string"}
[2025-12-20 13:04:40] [INFO] User logged in {"user_id":"user-2","email":"manager@taskflow.com"}
[2025-12-20 13:04:44] [INFO] User logged out {"user_id":"user-2"}
[2025-12-20 13:04:46] [INFO] User data from DB {"user_id":"user-1","email":"admin@taskflow.com","role":"admin","role_type":"string"}
[2025-12-20 13:04:46] [INFO] User logged in {"user_id":"user-1","email":"admin@taskflow.com"}
[2025-12-20 13:43:38] [INFO] User logged out {"user_id":"user-1"}
[2025-12-20 13:43:42] [WARNING] Login attempt on inactive account {"email":"test@taskflow.com"}
[2025-12-20 13:43:46] [INFO] User data from DB {"user_id":"user-2","email":"manager@taskflow.com","role":"manager","role_type":"string"}
[2025-12-20 13:43:46] [INFO] User logged in {"user_id":"user-2","email":"manager@taskflow.com"}
[2025-12-20 13:43:59] [INFO] User logged out {"user_id":"user-2"}
[2025-12-20 13:44:02] [INFO] User data from DB {"user_id":"user-1","email":"admin@taskflow.com","role":"admin","role_type":"string"}
[2025-12-20 13:44:02] [INFO] User logged in {"user_id":"user-1","email":"admin@taskflow.com"}
[2025-12-20 13:53:24] [INFO] User logged out {"user_id":"user-1"}
[2025-12-20 13:53:28] [INFO] User data from DB {"user_id":"user-2","email":"manager@taskflow.com","role":"manager","role_type":"string"}
[2025-12-20 13:53:28] [INFO] User logged in {"user_id":"user-2","email":"manager@taskflow.com"}
[2025-12-20 13:54:01] [INFO] User logged out {"user_id":"user-2"}
[2025-12-20 13:54:04] [INFO] User data from DB {"user_id":"user-1","email":"admin@taskflow.com","role":"admin","role_type":"string"}
[2025-12-20 13:54:04] [INFO] User logged in {"user_id":"user-1","email":"admin@taskflow.com"}
[2025-12-20 13:56:39] [INFO] User logged out {"user_id":"user-1"}
[2025-12-20 13:56:43] [INFO] User data from DB {"user_id":"user-2","email":"manager@taskflow.com","role":"manager","role_type":"string"}
[2025-12-20 13:56:43] [INFO] User logged in {"user_id":"user-2","email":"manager@taskflow.com"}
[2025-12-20 13:57:04] [INFO] User logged out {"user_id":"user-2"}
[2025-12-20 13:57:07] [INFO] User data from DB {"user_id":"user-1","email":"admin@taskflow.com","role":"admin","role_type":"string"}
[2025-12-20 13:57:07] [INFO] User logged in {"user_id":"user-1","email":"admin@taskflow.com"}
[2025-12-20 14:28:08] [INFO] User logged out {"user_id":"user-1"}
[2025-12-20 14:28:11] [INFO] User data from DB {"user_id":"user-2","email":"manager@taskflow.com","role":"manager","role_type":"string"}
[2025-12-20 14:28:11] [INFO] User logged in {"user_id":"user-2","email":"manager@taskflow.com"}
[2025-12-20 14:56:11] [INFO] User logged out {"user_id":"user-2"}
[2025-12-20 14:56:14] [INFO] User data from DB {"user_id":"user-1","email":"admin@taskflow.com","role":"admin","role_type":"string"}
[2025-12-20 14:56:14] [INFO] User logged in {"user_id":"user-1","email":"admin@taskflow.com"}
[2025-12-20 14:56:21] [INFO] User logged out {"user_id":"user-1"}
[2025-12-20 14:56:26] [INFO] User data from DB {"user_id":"user-3","email":"designer@taskflow.com","role":"member","role_type":"string"}
[2025-12-20 14:56:26] [INFO] User logged in {"user_id":"user-3","email":"designer@taskflow.com"}
[2025-12-20 14:56:38] [INFO] User logged out {"user_id":"user-3"}
[2025-12-20 14:56:41] [INFO] User data from DB {"user_id":"user-2","email":"manager@taskflow.com","role":"manager","role_type":"string"}
[2025-12-20 14:56:41] [INFO] User logged in {"user_id":"user-2","email":"manager@taskflow.com"}
