[2025-12-28 21:32:20] [INFO] User data from DB {"user_id":"usr-002","email":"cto@techviet.vn","role":"admin","role_type":"string"}
[2025-12-28 21:32:20] [INFO] User logged in {"user_id":"usr-002","email":"cto@techviet.vn"}
[2025-12-28 21:39:32] [INFO] User logged out {"user_id":"usr-002"}
[2025-12-28 21:39:49] [INFO] User data from DB {"user_id":"usr-001","email":"ceo@techviet.vn","role":"admin","role_type":"string"}
[2025-12-28 21:39:49] [INFO] User logged in {"user_id":"usr-001","email":"ceo@techviet.vn"}
[2025-12-28 21:39:55] [INFO] User logged out {"user_id":"usr-001"}
[2025-12-28 21:50:25] [INFO] User data from DB {"user_id":"usr-007","email":"dev.khanh@techviet.vn","role":"member","role_type":"string"}
[2025-12-28 21:50:25] [INFO] User logged in {"user_id":"usr-007","email":"dev.khanh@techviet.vn"}
[2025-12-28 21:50:30] [INFO] User logged out {"user_id":"usr-007"}
[2025-12-28 22:07:18] [INFO] User data from DB {"user_id":"usr-007","email":"dev.khanh@techviet.vn","role":"member","role_type":"string"}
[2025-12-28 22:07:18] [INFO] User logged in {"user_id":"usr-007","email":"dev.khanh@techviet.vn"}
[2025-12-28 22:18:39] [INFO] User data from DB {"user_id":"usr-001","email":"ceo@techviet.vn","role":"admin","role_type":"string"}
[2025-12-28 22:18:39] [INFO] User logged in {"user_id":"usr-001","email":"ceo@techviet.vn"}
[2025-12-28 22:18:41] [INFO] User data from DB {"user_id":"usr-004","email":"pm.duc@techviet.vn","role":"manager","role_type":"string"}
[2025-12-28 22:18:41] [INFO] User logged in {"user_id":"usr-004","email":"pm.duc@techviet.vn"}
[2025-12-28 22:18:41] [INFO] User data from DB {"user_id":"usr-007","email":"dev.khanh@techviet.vn","role":"member","role_type":"string"}
[2025-12-28 22:18:41] [INFO] User logged in {"user_id":"usr-007","email":"dev.khanh@techviet.vn"}
[2025-12-28 22:19:12] [INFO] User data from DB {"user_id":"usr-001","email":"ceo@techviet.vn","role":"admin","role_type":"string"}
[2025-12-28 22:19:12] [INFO] User logged in {"user_id":"usr-001","email":"ceo@techviet.vn"}
[2025-12-28 22:19:14] [INFO] User data from DB {"user_id":"usr-004","email":"pm.duc@techviet.vn","role":"manager","role_type":"string"}
[2025-12-28 22:19:14] [INFO] User logged in {"user_id":"usr-004","email":"pm.duc@techviet.vn"}
[2025-12-28 22:19:14] [INFO] User data from DB {"user_id":"usr-007","email":"dev.khanh@techviet.vn","role":"member","role_type":"string"}
[2025-12-28 22:19:14] [INFO] User logged in {"user_id":"usr-007","email":"dev.khanh@techviet.vn"}
[2025-12-28 22:19:15] [INFO] User logged out {"user_id":"usr-007"}
[2025-12-28 22:21:57] [INFO] User data from DB {"user_id":"usr-001","email":"ceo@techviet.vn","role":"admin","role_type":"string"}
[2025-12-28 22:21:57] [INFO] User logged in {"user_id":"usr-001","email":"ceo@techviet.vn"}
[2025-12-28 22:21:57] [INFO] User data from DB {"user_id":"usr-004","email":"pm.duc@techviet.vn","role":"manager","role_type":"string"}
[2025-12-28 22:21:57] [INFO] User logged in {"user_id":"usr-004","email":"pm.duc@techviet.vn"}
[2025-12-28 22:21:58] [INFO] User data from DB {"user_id":"usr-007","email":"dev.khanh@techviet.vn","role":"member","role_type":"string"}
[2025-12-28 22:21:58] [INFO] User logged in {"user_id":"usr-007","email":"dev.khanh@techviet.vn"}
[2025-12-28 22:21:58] [INFO] User logged out {"user_id":"usr-007"}
[2025-12-28 22:23:08] [INFO] User data from DB {"user_id":"usr-001","email":"ceo@techviet.vn","role":"admin","role_type":"string"}
[2025-12-28 22:23:08] [INFO] User logged in {"user_id":"usr-001","email":"ceo@techviet.vn"}
[2025-12-28 22:23:08] [INFO] User data from DB {"user_id":"usr-004","email":"pm.duc@techviet.vn","role":"manager","role_type":"string"}
[2025-12-28 22:23:08] [INFO] User logged in {"user_id":"usr-004","email":"pm.duc@techviet.vn"}
[2025-12-28 22:23:08] [INFO] User data from DB {"user_id":"usr-007","email":"dev.khanh@techviet.vn","role":"member","role_type":"string"}
[2025-12-28 22:23:08] [INFO] User logged in {"user_id":"usr-007","email":"dev.khanh@techviet.vn"}
[2025-12-28 22:23:08] [INFO] User logged out {"user_id":"usr-007"}
[2025-12-28 22:26:57] [INFO] User data from DB {"user_id":"usr-001","email":"ceo@techviet.vn","role":"admin","role_type":"string"}
[2025-12-28 22:26:57] [INFO] User logged in {"user_id":"usr-001","email":"ceo@techviet.vn"}
[2025-12-28 22:26:57] [INFO] User data from DB {"user_id":"usr-004","email":"pm.duc@techviet.vn","role":"manager","role_type":"string"}
[2025-12-28 22:26:57] [INFO] User logged in {"user_id":"usr-004","email":"pm.duc@techviet.vn"}
[2025-12-28 22:26:58] [INFO] User data from DB {"user_id":"usr-007","email":"dev.khanh@techviet.vn","role":"member","role_type":"string"}
[2025-12-28 22:26:58] [INFO] User logged in {"user_id":"usr-007","email":"dev.khanh@techviet.vn"}
[2025-12-28 22:26:58] [INFO] User logged out {"user_id":"usr-007"}
[2025-12-28 22:28:03] [INFO] User data from DB {"user_id":"usr-001","email":"ceo@techviet.vn","role":"admin","role_type":"string"}
[2025-12-28 22:28:03] [INFO] User logged in {"user_id":"usr-001","email":"ceo@techviet.vn"}
[2025-12-28 22:28:03] [INFO] User data from DB {"user_id":"usr-004","email":"pm.duc@techviet.vn","role":"manager","role_type":"string"}
[2025-12-28 22:28:03] [INFO] User logged in {"user_id":"usr-004","email":"pm.duc@techviet.vn"}
[2025-12-28 22:28:04] [INFO] User data from DB {"user_id":"usr-007","email":"dev.khanh@techviet.vn","role":"member","role_type":"string"}
[2025-12-28 22:28:04] [INFO] User logged in {"user_id":"usr-007","email":"dev.khanh@techviet.vn"}
[2025-12-28 22:28:04] [INFO] User logged out {"user_id":"usr-007"}
[2025-12-28 22:36:24] [INFO] User data from DB {"user_id":"usr-001","email":"ceo@techviet.vn","role":"admin","role_type":"string"}
[2025-12-28 22:36:24] [INFO] User logged in {"user_id":"usr-001","email":"ceo@techviet.vn"}
[2025-12-28 22:36:24] [INFO] User data from DB {"user_id":"usr-004","email":"pm.duc@techviet.vn","role":"manager","role_type":"string"}
[2025-12-28 22:36:24] [INFO] User logged in {"user_id":"usr-004","email":"pm.duc@techviet.vn"}
[2025-12-28 22:36:25] [INFO] User data from DB {"user_id":"usr-007","email":"dev.khanh@techviet.vn","role":"member","role_type":"string"}
[2025-12-28 22:36:25] [INFO] User logged in {"user_id":"usr-007","email":"dev.khanh@techviet.vn"}
[2025-12-28 22:36:25] [INFO] User logged out {"user_id":"usr-007"}
[2025-12-28 22:36:48] [INFO] User data from DB {"user_id":"usr-001","email":"ceo@techviet.vn","role":"admin","role_type":"string"}
[2025-12-28 22:36:48] [INFO] User logged in {"user_id":"usr-001","email":"ceo@techviet.vn"}
[2025-12-28 22:36:49] [INFO] User data from DB {"user_id":"usr-004","email":"pm.duc@techviet.vn","role":"manager","role_type":"string"}
[2025-12-28 22:36:49] [INFO] User logged in {"user_id":"usr-004","email":"pm.duc@techviet.vn"}
[2025-12-28 22:36:49] [INFO] User data from DB {"user_id":"usr-007","email":"dev.khanh@techviet.vn","role":"member","role_type":"string"}
[2025-12-28 22:36:49] [INFO] User logged in {"user_id":"usr-007","email":"dev.khanh@techviet.vn"}
[2025-12-28 22:36:49] [INFO] User logged out {"user_id":"usr-007"}
[2025-12-28 22:38:11] [INFO] User data from DB {"user_id":"usr-001","email":"ceo@techviet.vn","role":"admin","role_type":"string"}
[2025-12-28 22:38:11] [INFO] User logged in {"user_id":"usr-001","email":"ceo@techviet.vn"}
[2025-12-28 22:38:12] [INFO] User data from DB {"user_id":"usr-004","email":"pm.duc@techviet.vn","role":"manager","role_type":"string"}
[2025-12-28 22:38:12] [INFO] User logged in {"user_id":"usr-004","email":"pm.duc@techviet.vn"}
[2025-12-28 22:38:12] [INFO] User data from DB {"user_id":"usr-007","email":"dev.khanh@techviet.vn","role":"member","role_type":"string"}
[2025-12-28 22:38:12] [INFO] User logged in {"user_id":"usr-007","email":"dev.khanh@techviet.vn"}
[2025-12-28 22:38:12] [INFO] User logged out {"user_id":"usr-007"}
[2025-12-28 22:39:58] [INFO] User data from DB {"user_id":"usr-001","email":"ceo@techviet.vn","role":"admin","role_type":"string"}
[2025-12-28 22:39:58] [INFO] User logged in {"user_id":"usr-001","email":"ceo@techviet.vn"}
[2025-12-28 22:39:59] [INFO] User data from DB {"user_id":"usr-004","email":"pm.duc@techviet.vn","role":"manager","role_type":"string"}
[2025-12-28 22:39:59] [INFO] User logged in {"user_id":"usr-004","email":"pm.duc@techviet.vn"}
[2025-12-28 22:39:59] [INFO] User data from DB {"user_id":"usr-007","email":"dev.khanh@techviet.vn","role":"member","role_type":"string"}
[2025-12-28 22:39:59] [INFO] User logged in {"user_id":"usr-007","email":"dev.khanh@techviet.vn"}
[2025-12-28 22:39:59] [INFO] User logged out {"user_id":"usr-007"}
[2025-12-28 22:43:01] [INFO] User data from DB {"user_id":"usr-001","email":"ceo@techviet.vn","role":"admin","role_type":"string"}
[2025-12-28 22:43:01] [INFO] User logged in {"user_id":"usr-001","email":"ceo@techviet.vn"}
[2025-12-28 22:43:02] [INFO] User data from DB {"user_id":"usr-004","email":"pm.duc@techviet.vn","role":"manager","role_type":"string"}
[2025-12-28 22:43:02] [INFO] User logged in {"user_id":"usr-004","email":"pm.duc@techviet.vn"}
[2025-12-28 22:43:02] [INFO] User data from DB {"user_id":"usr-007","email":"dev.khanh@techviet.vn","role":"member","role_type":"string"}
[2025-12-28 22:43:02] [INFO] User logged in {"user_id":"usr-007","email":"dev.khanh@techviet.vn"}
[2025-12-28 22:43:02] [INFO] User logged out {"user_id":"usr-007"}
[2025-12-28 22:46:58] [INFO] User data from DB {"user_id":"usr-001","email":"ceo@techviet.vn","role":"admin","role_type":"string"}
[2025-12-28 22:46:58] [INFO] User logged in {"user_id":"usr-001","email":"ceo@techviet.vn"}
[2025-12-28 22:46:59] [INFO] User data from DB {"user_id":"usr-004","email":"pm.duc@techviet.vn","role":"manager","role_type":"string"}
[2025-12-28 22:46:59] [INFO] User logged in {"user_id":"usr-004","email":"pm.duc@techviet.vn"}
[2025-12-28 22:46:59] [INFO] User data from DB {"user_id":"usr-007","email":"dev.khanh@techviet.vn","role":"member","role_type":"string"}
[2025-12-28 22:46:59] [INFO] User logged in {"user_id":"usr-007","email":"dev.khanh@techviet.vn"}
[2025-12-28 22:46:59] [INFO] User logged out {"user_id":"usr-007"}
[2025-12-28 22:47:32] [INFO] User data from DB {"user_id":"usr-001","email":"ceo@techviet.vn","role":"admin","role_type":"string"}
[2025-12-28 22:47:32] [INFO] User logged in {"user_id":"usr-001","email":"ceo@techviet.vn"}
[2025-12-28 22:47:33] [INFO] User data from DB {"user_id":"usr-004","email":"pm.duc@techviet.vn","role":"manager","role_type":"string"}
[2025-12-28 22:47:33] [INFO] User logged in {"user_id":"usr-004","email":"pm.duc@techviet.vn"}
[2025-12-28 22:47:33] [INFO] User data from DB {"user_id":"usr-007","email":"dev.khanh@techviet.vn","role":"member","role_type":"string"}
[2025-12-28 22:47:33] [INFO] User logged in {"user_id":"usr-007","email":"dev.khanh@techviet.vn"}
[2025-12-28 22:47:33] [INFO] User logged out {"user_id":"usr-007"}
[2025-12-28 22:49:00] [INFO] User data from DB {"user_id":"usr-001","email":"ceo@techviet.vn","role":"admin","role_type":"string"}
[2025-12-28 22:49:00] [INFO] User logged in {"user_id":"usr-001","email":"ceo@techviet.vn"}
[2025-12-28 22:49:01] [INFO] User data from DB {"user_id":"usr-004","email":"pm.duc@techviet.vn","role":"manager","role_type":"string"}
[2025-12-28 22:49:01] [INFO] User logged in {"user_id":"usr-004","email":"pm.duc@techviet.vn"}
[2025-12-28 22:49:01] [INFO] User data from DB {"user_id":"usr-007","email":"dev.khanh@techviet.vn","role":"member","role_type":"string"}
[2025-12-28 22:49:01] [INFO] User logged in {"user_id":"usr-007","email":"dev.khanh@techviet.vn"}
[2025-12-28 22:49:01] [INFO] User data from DB {"user_id":"usr-007","email":"dev.khanh@techviet.vn","role":"member","role_type":"string"}
[2025-12-28 22:49:01] [INFO] User logged in {"user_id":"usr-007","email":"dev.khanh@techviet.vn"}
[2025-12-28 22:49:01] [INFO] User logged out {"user_id":"usr-007"}
[2025-12-28 22:49:25] [INFO] User data from DB {"user_id":"usr-001","email":"ceo@techviet.vn","role":"admin","role_type":"string"}
[2025-12-28 22:49:25] [INFO] User logged in {"user_id":"usr-001","email":"ceo@techviet.vn"}
[2025-12-28 22:49:26] [INFO] User data from DB {"user_id":"usr-004","email":"pm.duc@techviet.vn","role":"manager","role_type":"string"}
[2025-12-28 22:49:26] [INFO] User logged in {"user_id":"usr-004","email":"pm.duc@techviet.vn"}
[2025-12-28 22:49:26] [INFO] User data from DB {"user_id":"usr-007","email":"dev.khanh@techviet.vn","role":"member","role_type":"string"}
[2025-12-28 22:49:26] [INFO] User logged in {"user_id":"usr-007","email":"dev.khanh@techviet.vn"}
[2025-12-28 22:49:27] [INFO] User data from DB {"user_id":"usr-007","email":"dev.khanh@techviet.vn","role":"member","role_type":"string"}
[2025-12-28 22:49:27] [INFO] User logged in {"user_id":"usr-007","email":"dev.khanh@techviet.vn"}
[2025-12-28 22:49:27] [INFO] User logged out {"user_id":"usr-007"}
[2025-12-28 22:51:01] [INFO] User data from DB {"user_id":"usr-001","email":"ceo@techviet.vn","role":"admin","role_type":"string"}
[2025-12-28 22:51:01] [INFO] User logged in {"user_id":"usr-001","email":"ceo@techviet.vn"}
[2025-12-28 22:51:02] [INFO] User data from DB {"user_id":"usr-004","email":"pm.duc@techviet.vn","role":"manager","role_type":"string"}
[2025-12-28 22:51:02] [INFO] User logged in {"user_id":"usr-004","email":"pm.duc@techviet.vn"}
[2025-12-28 22:51:02] [INFO] User data from DB {"user_id":"usr-007","email":"dev.khanh@techviet.vn","role":"member","role_type":"string"}
[2025-12-28 22:51:02] [INFO] User logged in {"user_id":"usr-007","email":"dev.khanh@techviet.vn"}
[2025-12-28 22:51:02] [INFO] User data from DB {"user_id":"usr-007","email":"dev.khanh@techviet.vn","role":"member","role_type":"string"}
[2025-12-28 22:51:02] [INFO] User logged in {"user_id":"usr-007","email":"dev.khanh@techviet.vn"}
[2025-12-28 22:51:02] [INFO] User logged out {"user_id":"usr-007"}
[2025-12-28 22:51:51] [INFO] User data from DB {"user_id":"usr-001","email":"ceo@techviet.vn","role":"admin","role_type":"string"}
[2025-12-28 22:51:51] [INFO] User logged in {"user_id":"usr-001","email":"ceo@techviet.vn"}
[2025-12-28 22:51:51] [INFO] User data from DB {"user_id":"usr-004","email":"pm.duc@techviet.vn","role":"manager","role_type":"string"}
[2025-12-28 22:51:51] [INFO] User logged in {"user_id":"usr-004","email":"pm.duc@techviet.vn"}
[2025-12-28 22:51:52] [INFO] User data from DB {"user_id":"usr-007","email":"dev.khanh@techviet.vn","role":"member","role_type":"string"}
[2025-12-28 22:51:52] [INFO] User logged in {"user_id":"usr-007","email":"dev.khanh@techviet.vn"}
[2025-12-28 22:51:52] [INFO] User data from DB {"user_id":"usr-007","email":"dev.khanh@techviet.vn","role":"member","role_type":"string"}
[2025-12-28 22:51:52] [INFO] User logged in {"user_id":"usr-007","email":"dev.khanh@techviet.vn"}
[2025-12-28 22:51:52] [INFO] User logged out {"user_id":"usr-007"}
[2025-12-28 22:52:30] [INFO] User data from DB {"user_id":"usr-001","email":"ceo@techviet.vn","role":"admin","role_type":"string"}
[2025-12-28 22:52:30] [INFO] User logged in {"user_id":"usr-001","email":"ceo@techviet.vn"}
[2025-12-28 22:52:31] [INFO] User data from DB {"user_id":"usr-004","email":"pm.duc@techviet.vn","role":"manager","role_type":"string"}
[2025-12-28 22:52:31] [INFO] User logged in {"user_id":"usr-004","email":"pm.duc@techviet.vn"}
[2025-12-28 22:52:31] [INFO] User data from DB {"user_id":"usr-007","email":"dev.khanh@techviet.vn","role":"member","role_type":"string"}
[2025-12-28 22:52:31] [INFO] User logged in {"user_id":"usr-007","email":"dev.khanh@techviet.vn"}
[2025-12-28 22:52:32] [INFO] User data from DB {"user_id":"usr-007","email":"dev.khanh@techviet.vn","role":"member","role_type":"string"}
[2025-12-28 22:52:32] [INFO] User logged in {"user_id":"usr-007","email":"dev.khanh@techviet.vn"}
[2025-12-28 22:52:32] [INFO] User logged out {"user_id":"usr-007"}
[2025-12-28 22:53:31] [INFO] User data from DB {"user_id":"usr-001","email":"ceo@techviet.vn","role":"admin","role_type":"string"}
[2025-12-28 22:53:31] [INFO] User logged in {"user_id":"usr-001","email":"ceo@techviet.vn"}
[2025-12-28 22:53:31] [INFO] User data from DB {"user_id":"usr-004","email":"pm.duc@techviet.vn","role":"manager","role_type":"string"}
[2025-12-28 22:53:31] [INFO] User logged in {"user_id":"usr-004","email":"pm.duc@techviet.vn"}
[2025-12-28 22:53:32] [INFO] User data from DB {"user_id":"usr-007","email":"dev.khanh@techviet.vn","role":"member","role_type":"string"}
[2025-12-28 22:53:32] [INFO] User logged in {"user_id":"usr-007","email":"dev.khanh@techviet.vn"}
[2025-12-28 22:53:32] [INFO] User data from DB {"user_id":"usr-007","email":"dev.khanh@techviet.vn","role":"member","role_type":"string"}
[2025-12-28 22:53:32] [INFO] User logged in {"user_id":"usr-007","email":"dev.khanh@techviet.vn"}
[2025-12-28 22:53:32] [INFO] User logged out {"user_id":"usr-007"}
[2025-12-28 22:58:41] [INFO] User data from DB {"user_id":"usr-001","email":"ceo@techviet.vn","role":"admin","role_type":"string"}
[2025-12-28 22:58:41] [INFO] User logged in {"user_id":"usr-001","email":"ceo@techviet.vn"}
[2025-12-28 22:58:41] [INFO] User data from DB {"user_id":"usr-004","email":"pm.duc@techviet.vn","role":"manager","role_type":"string"}
[2025-12-28 22:58:41] [INFO] User logged in {"user_id":"usr-004","email":"pm.duc@techviet.vn"}
[2025-12-28 22:58:42] [INFO] User data from DB {"user_id":"usr-007","email":"dev.khanh@techviet.vn","role":"member","role_type":"string"}
[2025-12-28 22:58:42] [INFO] User logged in {"user_id":"usr-007","email":"dev.khanh@techviet.vn"}
[2025-12-28 22:58:42] [INFO] User data from DB {"user_id":"usr-007","email":"dev.khanh@techviet.vn","role":"member","role_type":"string"}
[2025-12-28 22:58:42] [INFO] User logged in {"user_id":"usr-007","email":"dev.khanh@techviet.vn"}
[2025-12-28 22:58:42] [INFO] User logged out {"user_id":"usr-007"}
[2025-12-28 22:59:52] [INFO] User data from DB {"user_id":"usr-001","email":"ceo@techviet.vn","role":"admin","role_type":"string"}
[2025-12-28 22:59:52] [INFO] User logged in {"user_id":"usr-001","email":"ceo@techviet.vn"}
[2025-12-28 22:59:53] [INFO] User data from DB {"user_id":"usr-004","email":"pm.duc@techviet.vn","role":"manager","role_type":"string"}
[2025-12-28 22:59:53] [INFO] User logged in {"user_id":"usr-004","email":"pm.duc@techviet.vn"}
[2025-12-28 22:59:53] [INFO] User data from DB {"user_id":"usr-007","email":"dev.khanh@techviet.vn","role":"member","role_type":"string"}
[2025-12-28 22:59:53] [INFO] User logged in {"user_id":"usr-007","email":"dev.khanh@techviet.vn"}
[2025-12-28 22:59:53] [INFO] User data from DB {"user_id":"usr-007","email":"dev.khanh@techviet.vn","role":"member","role_type":"string"}
[2025-12-28 22:59:53] [INFO] User logged in {"user_id":"usr-007","email":"dev.khanh@techviet.vn"}
[2025-12-28 22:59:53] [INFO] User logged out {"user_id":"usr-007"}
[2025-12-28 23:01:35] [INFO] User data from DB {"user_id":"usr-001","email":"ceo@techviet.vn","role":"admin","role_type":"string"}
[2025-12-28 23:01:35] [INFO] User logged in {"user_id":"usr-001","email":"ceo@techviet.vn"}
[2025-12-28 23:01:36] [INFO] User data from DB {"user_id":"usr-004","email":"pm.duc@techviet.vn","role":"manager","role_type":"string"}
[2025-12-28 23:01:36] [INFO] User logged in {"user_id":"usr-004","email":"pm.duc@techviet.vn"}
[2025-12-28 23:01:36] [INFO] User data from DB {"user_id":"usr-007","email":"dev.khanh@techviet.vn","role":"member","role_type":"string"}
[2025-12-28 23:01:36] [INFO] User logged in {"user_id":"usr-007","email":"dev.khanh@techviet.vn"}
[2025-12-28 23:01:36] [INFO] User data from DB {"user_id":"usr-007","email":"dev.khanh@techviet.vn","role":"member","role_type":"string"}
[2025-12-28 23:01:36] [INFO] User logged in {"user_id":"usr-007","email":"dev.khanh@techviet.vn"}
[2025-12-28 23:01:36] [INFO] User logged out {"user_id":"usr-007"}
[2025-12-28 23:02:31] [INFO] User data from DB {"user_id":"usr-001","email":"ceo@techviet.vn","role":"admin","role_type":"string"}
[2025-12-28 23:02:31] [INFO] User logged in {"user_id":"usr-001","email":"ceo@techviet.vn"}
[2025-12-28 23:02:32] [INFO] User data from DB {"user_id":"usr-004","email":"pm.duc@techviet.vn","role":"manager","role_type":"string"}
[2025-12-28 23:02:32] [INFO] User logged in {"user_id":"usr-004","email":"pm.duc@techviet.vn"}
[2025-12-28 23:02:32] [INFO] User data from DB {"user_id":"usr-007","email":"dev.khanh@techviet.vn","role":"member","role_type":"string"}
[2025-12-28 23:02:32] [INFO] User logged in {"user_id":"usr-007","email":"dev.khanh@techviet.vn"}
[2025-12-28 23:02:33] [INFO] User data from DB {"user_id":"usr-007","email":"dev.khanh@techviet.vn","role":"member","role_type":"string"}
[2025-12-28 23:02:33] [INFO] User logged in {"user_id":"usr-007","email":"dev.khanh@techviet.vn"}
[2025-12-28 23:02:33] [INFO] User logged out {"user_id":"usr-007"}
[2025-12-28 23:03:00] [INFO] User data from DB {"user_id":"usr-001","email":"ceo@techviet.vn","role":"admin","role_type":"string"}
[2025-12-28 23:03:00] [INFO] User logged in {"user_id":"usr-001","email":"ceo@techviet.vn"}
[2025-12-28 23:03:01] [INFO] User data from DB {"user_id":"usr-004","email":"pm.duc@techviet.vn","role":"manager","role_type":"string"}
[2025-12-28 23:03:01] [INFO] User logged in {"user_id":"usr-004","email":"pm.duc@techviet.vn"}
[2025-12-28 23:03:01] [INFO] User data from DB {"user_id":"usr-007","email":"dev.khanh@techviet.vn","role":"member","role_type":"string"}
[2025-12-28 23:03:01] [INFO] User logged in {"user_id":"usr-007","email":"dev.khanh@techviet.vn"}
[2025-12-28 23:03:02] [INFO] User data from DB {"user_id":"usr-007","email":"dev.khanh@techviet.vn","role":"member","role_type":"string"}
[2025-12-28 23:03:02] [INFO] User logged in {"user_id":"usr-007","email":"dev.khanh@techviet.vn"}
[2025-12-28 23:03:02] [INFO] User logged out {"user_id":"usr-007"}
[2025-12-28 23:03:57] [INFO] User data from DB {"user_id":"usr-001","email":"ceo@techviet.vn","role":"admin","role_type":"string"}
[2025-12-28 23:03:57] [INFO] User logged in {"user_id":"usr-001","email":"ceo@techviet.vn"}
[2025-12-28 23:03:57] [INFO] User data from DB {"user_id":"usr-004","email":"pm.duc@techviet.vn","role":"manager","role_type":"string"}
[2025-12-28 23:03:57] [INFO] User logged in {"user_id":"usr-004","email":"pm.duc@techviet.vn"}
[2025-12-28 23:03:57] [INFO] User data from DB {"user_id":"usr-007","email":"dev.khanh@techviet.vn","role":"member","role_type":"string"}
[2025-12-28 23:03:57] [INFO] User logged in {"user_id":"usr-007","email":"dev.khanh@techviet.vn"}
[2025-12-28 23:03:58] [INFO] User data from DB {"user_id":"usr-007","email":"dev.khanh@techviet.vn","role":"member","role_type":"string"}
[2025-12-28 23:03:58] [INFO] User logged in {"user_id":"usr-007","email":"dev.khanh@techviet.vn"}
[2025-12-28 23:03:58] [INFO] User logged out {"user_id":"usr-007"}
[2025-12-28 23:04:41] [INFO] User data from DB {"user_id":"usr-001","email":"ceo@techviet.vn","role":"admin","role_type":"string"}
[2025-12-28 23:04:41] [INFO] User logged in {"user_id":"usr-001","email":"ceo@techviet.vn"}
[2025-12-28 23:04:42] [INFO] User data from DB {"user_id":"usr-004","email":"pm.duc@techviet.vn","role":"manager","role_type":"string"}
[2025-12-28 23:04:42] [INFO] User logged in {"user_id":"usr-004","email":"pm.duc@techviet.vn"}
[2025-12-28 23:04:43] [INFO] User data from DB {"user_id":"usr-007","email":"dev.khanh@techviet.vn","role":"member","role_type":"string"}
[2025-12-28 23:04:43] [INFO] User logged in {"user_id":"usr-007","email":"dev.khanh@techviet.vn"}
[2025-12-28 23:04:43] [INFO] User data from DB {"user_id":"usr-007","email":"dev.khanh@techviet.vn","role":"member","role_type":"string"}
[2025-12-28 23:04:43] [INFO] User logged in {"user_id":"usr-007","email":"dev.khanh@techviet.vn"}
[2025-12-28 23:04:43] [INFO] User logged out {"user_id":"usr-007"}
[2025-12-28 23:05:16] [INFO] User data from DB {"user_id":"usr-001","email":"ceo@techviet.vn","role":"admin","role_type":"string"}
[2025-12-28 23:05:16] [INFO] User logged in {"user_id":"usr-001","email":"ceo@techviet.vn"}
[2025-12-28 23:05:16] [INFO] User data from DB {"user_id":"usr-004","email":"pm.duc@techviet.vn","role":"manager","role_type":"string"}
[2025-12-28 23:05:16] [INFO] User logged in {"user_id":"usr-004","email":"pm.duc@techviet.vn"}
[2025-12-28 23:05:16] [INFO] User data from DB {"user_id":"usr-007","email":"dev.khanh@techviet.vn","role":"member","role_type":"string"}
[2025-12-28 23:05:16] [INFO] User logged in {"user_id":"usr-007","email":"dev.khanh@techviet.vn"}
[2025-12-28 23:05:17] [INFO] User data from DB {"user_id":"usr-007","email":"dev.khanh@techviet.vn","role":"member","role_type":"string"}
[2025-12-28 23:05:17] [INFO] User logged in {"user_id":"usr-007","email":"dev.khanh@techviet.vn"}
[2025-12-28 23:05:17] [INFO] User logged out {"user_id":"usr-007"}
[2025-12-28 23:05:59] [INFO] User data from DB {"user_id":"usr-001","email":"ceo@techviet.vn","role":"admin","role_type":"string"}
[2025-12-28 23:05:59] [INFO] User logged in {"user_id":"usr-001","email":"ceo@techviet.vn"}
[2025-12-28 23:05:59] [INFO] User data from DB {"user_id":"usr-004","email":"pm.duc@techviet.vn","role":"manager","role_type":"string"}
[2025-12-28 23:05:59] [INFO] User logged in {"user_id":"usr-004","email":"pm.duc@techviet.vn"}
[2025-12-28 23:06:00] [INFO] User data from DB {"user_id":"usr-007","email":"dev.khanh@techviet.vn","role":"member","role_type":"string"}
[2025-12-28 23:06:00] [INFO] User logged in {"user_id":"usr-007","email":"dev.khanh@techviet.vn"}
[2025-12-28 23:06:00] [INFO] User data from DB {"user_id":"usr-007","email":"dev.khanh@techviet.vn","role":"member","role_type":"string"}
[2025-12-28 23:06:00] [INFO] User logged in {"user_id":"usr-007","email":"dev.khanh@techviet.vn"}
[2025-12-28 23:06:00] [INFO] User logged out {"user_id":"usr-007"}
[2025-12-28 23:06:20] [INFO] User data from DB {"user_id":"usr-001","email":"ceo@techviet.vn","role":"admin","role_type":"string"}
[2025-12-28 23:06:20] [INFO] User logged in {"user_id":"usr-001","email":"ceo@techviet.vn"}
[2025-12-28 23:06:21] [INFO] User data from DB {"user_id":"usr-004","email":"pm.duc@techviet.vn","role":"manager","role_type":"string"}
[2025-12-28 23:06:21] [INFO] User logged in {"user_id":"usr-004","email":"pm.duc@techviet.vn"}
[2025-12-28 23:06:21] [INFO] User data from DB {"user_id":"usr-007","email":"dev.khanh@techviet.vn","role":"member","role_type":"string"}
[2025-12-28 23:06:21] [INFO] User logged in {"user_id":"usr-007","email":"dev.khanh@techviet.vn"}
[2025-12-28 23:06:22] [INFO] User data from DB {"user_id":"usr-007","email":"dev.khanh@techviet.vn","role":"member","role_type":"string"}
[2025-12-28 23:06:22] [INFO] User logged in {"user_id":"usr-007","email":"dev.khanh@techviet.vn"}
[2025-12-28 23:06:22] [INFO] User logged out {"user_id":"usr-007"}
[2025-12-28 23:06:53] [INFO] User data from DB {"user_id":"usr-001","email":"ceo@techviet.vn","role":"admin","role_type":"string"}
[2025-12-28 23:06:53] [INFO] User logged in {"user_id":"usr-001","email":"ceo@techviet.vn"}
[2025-12-28 23:06:54] [INFO] User data from DB {"user_id":"usr-004","email":"pm.duc@techviet.vn","role":"manager","role_type":"string"}
[2025-12-28 23:06:54] [INFO] User logged in {"user_id":"usr-004","email":"pm.duc@techviet.vn"}
[2025-12-28 23:06:54] [INFO] User data from DB {"user_id":"usr-007","email":"dev.khanh@techviet.vn","role":"member","role_type":"string"}
[2025-12-28 23:06:54] [INFO] User logged in {"user_id":"usr-007","email":"dev.khanh@techviet.vn"}
[2025-12-28 23:06:54] [INFO] User data from DB {"user_id":"usr-007","email":"dev.khanh@techviet.vn","role":"member","role_type":"string"}
[2025-12-28 23:06:54] [INFO] User logged in {"user_id":"usr-007","email":"dev.khanh@techviet.vn"}
[2025-12-28 23:06:54] [INFO] User logged out {"user_id":"usr-007"}
[2025-12-28 23:08:59] [INFO] User data from DB {"user_id":"usr-007","email":"dev.khanh@techviet.vn","role":"member","role_type":"string"}
[2025-12-28 23:08:59] [INFO] User logged in {"user_id":"usr-007","email":"dev.khanh@techviet.vn"}
[2025-12-28 23:26:38] [INFO] User data from DB {"user_id":"eec3cb95-d00d-45de-8067-34f01ee14244","email":"test@example.com","role":"member","role_type":"string"}
[2025-12-28 23:26:38] [INFO] User logged in {"user_id":"eec3cb95-d00d-45de-8067-34f01ee14244","email":"test@example.com"}
[2025-12-28 23:35:38] [INFO] User logged out {"user_id":"eec3cb95-d00d-45de-8067-34f01ee14244"}
[2025-12-28 23:36:01] [INFO] User data from DB {"user_id":"usr-004","email":"pm.duc@techviet.vn","role":"manager","role_type":"string"}
[2025-12-28 23:36:01] [INFO] User logged in {"user_id":"usr-004","email":"pm.duc@techviet.vn"}
[2025-12-28 23:53:07] [INFO] User logged out {"user_id":"usr-007"}
[2025-12-28 23:53:14] [INFO] User data from DB {"user_id":"usr-004","email":"pm.duc@techviet.vn","role":"manager","role_type":"string"}
[2025-12-28 23:53:14] [INFO] User logged in {"user_id":"usr-004","email":"pm.duc@techviet.vn"}
