[2025-12-26 08:33:11] [INFO] User data from DB {"user_id":"usr-002","email":"cto@techviet.vn","role":"admin","role_type":"string"}
[2025-12-26 08:33:11] [INFO] User logged in {"user_id":"usr-002","email":"cto@techviet.vn"}
[2025-12-26 11:01:59] [INFO] User logged out {"user_id":null}
[2025-12-26 11:02:06] [INFO] User data from DB {"user_id":"usr-003","email":"pm.linh@techviet.vn","role":"manager","role_type":"string"}
[2025-12-26 11:02:06] [INFO] User logged in {"user_id":"usr-003","email":"pm.linh@techviet.vn"}
[2025-12-26 11:04:53] [INFO] User logged out {"user_id":"usr-003"}
[2025-12-26 11:05:02] [INFO] User data from DB {"user_id":"usr-004","email":"pm.duc@techviet.vn","role":"manager","role_type":"string"}
[2025-12-26 11:05:02] [INFO] User logged in {"user_id":"usr-004","email":"pm.duc@techviet.vn"}
[2025-12-26 11:05:08] [INFO] User logged out {"user_id":"usr-004"}
[2025-12-26 11:05:19] [INFO] User data from DB {"user_id":"usr-003","email":"pm.linh@techviet.vn","role":"manager","role_type":"string"}
[2025-12-26 11:05:19] [INFO] User logged in {"user_id":"usr-003","email":"pm.linh@techviet.vn"}
[2025-12-26 11:09:05] [INFO] User logged out {"user_id":"usr-003"}
[2025-12-26 11:09:08] [INFO] User data from DB {"user_id":"usr-004","email":"pm.duc@techviet.vn","role":"manager","role_type":"string"}
[2025-12-26 11:09:08] [INFO] User logged in {"user_id":"usr-004","email":"pm.duc@techviet.vn"}
[2025-12-26 11:22:17] [INFO] User logged out {"user_id":"usr-004"}
[2025-12-26 11:22:25] [INFO] User data from DB {"user_id":"usr-008","email":"dev.hoa@techviet.vn","role":"member","role_type":"string"}
[2025-12-26 11:22:25] [INFO] User logged in {"user_id":"usr-008","email":"dev.hoa@techviet.vn"}
[2025-12-26 11:26:30] [INFO] User logged out {"user_id":"usr-008"}
[2025-12-26 11:26:35] [INFO] User data from DB {"user_id":"usr-007","email":"dev.khanh@techviet.vn","role":"member","role_type":"string"}
[2025-12-26 11:26:35] [INFO] User logged in {"user_id":"usr-007","email":"dev.khanh@techviet.vn"}
