[2025-12-13 11:35:43] [INFO] User logged out {"user_id":"user-1"}
[2025-12-13 11:35:45] [WARNING] Failed login attempt {"email":"admin@taskflow.com","ip":"::1"}
[2025-12-13 11:35:57] [INFO] User logged in {"user_id":"user-1","email":"admin@taskflow.com"}
[2025-12-13 11:37:22] [INFO] User logged out {"user_id":"user-1"}
[2025-12-13 11:37:25] [INFO] User logged in {"user_id":"user-1","email":"admin@taskflow.com"}
[2025-12-13 11:37:29] [INFO] User logged out {"user_id":"user-1"}
[2025-12-13 11:37:31] [INFO] User logged in {"user_id":"33921795-e71f-45dc-8e34-037d61023114","email":"tri@gmail.com"}
[2025-12-13 11:37:48] [INFO] User logged out {"user_id":"33921795-e71f-45dc-8e34-037d61023114"}
[2025-12-13 11:37:50] [INFO] User logged in {"user_id":"user-1","email":"admin@taskflow.com"}
[2025-12-13 11:52:56] [INFO] User logged out {"user_id":"user-1"}
[2025-12-13 11:52:59] [INFO] User logged in {"user_id":"33921795-e71f-45dc-8e34-037d61023114","email":"tri@gmail.com"}
[2025-12-13 11:53:19] [INFO] User logged out {"user_id":"33921795-e71f-45dc-8e34-037d61023114"}
[2025-12-13 11:53:22] [INFO] User logged in {"user_id":"user-1","email":"admin@taskflow.com"}
[2025-12-13 11:59:03] [INFO] User logged out {"user_id":"user-1"}
[2025-12-13 11:59:07] [INFO] User logged in {"user_id":"33921795-e71f-45dc-8e34-037d61023114","email":"tri@gmail.com"}
[2025-12-13 11:59:10] [INFO] User logged out {"user_id":"33921795-e71f-45dc-8e34-037d61023114"}
[2025-12-13 11:59:13] [INFO] User logged in {"user_id":"user-1","email":"admin@taskflow.com"}
[2025-12-13 11:59:30] [INFO] User logged out {"user_id":"user-1"}
[2025-12-13 11:59:32] [INFO] User logged in {"user_id":"33921795-e71f-45dc-8e34-037d61023114","email":"tri@gmail.com"}
[2025-12-13 11:59:44] [INFO] User logged out {"user_id":"33921795-e71f-45dc-8e34-037d61023114"}
[2025-12-13 11:59:47] [INFO] User logged in {"user_id":"user-1","email":"admin@taskflow.com"}
[2025-12-13 12:00:05] [INFO] User logged out {"user_id":"user-1"}
[2025-12-13 12:00:07] [INFO] User logged in {"user_id":"33921795-e71f-45dc-8e34-037d61023114","email":"tri@gmail.com"}
[2025-12-13 12:00:22] [INFO] User logged out {"user_id":"33921795-e71f-45dc-8e34-037d61023114"}
[2025-12-13 12:00:24] [INFO] User logged in {"user_id":"user-1","email":"admin@taskflow.com"}
[2025-12-13 12:02:06] [INFO] User logged out {"user_id":"user-1"}
[2025-12-13 12:02:09] [INFO] User logged in {"user_id":"33921795-e71f-45dc-8e34-037d61023114","email":"tri@gmail.com"}
[2025-12-13 12:02:17] [INFO] User logged out {"user_id":"33921795-e71f-45dc-8e34-037d61023114"}
[2025-12-13 12:02:19] [INFO] User logged in {"user_id":"user-1","email":"admin@taskflow.com"}
[2025-12-13 12:02:32] [INFO] User logged out {"user_id":"user-1"}
[2025-12-13 12:02:34] [INFO] User logged in {"user_id":"33921795-e71f-45dc-8e34-037d61023114","email":"tri@gmail.com"}
[2025-12-13 12:09:06] [INFO] User logged out {"user_id":"33921795-e71f-45dc-8e34-037d61023114"}
[2025-12-13 12:09:09] [INFO] User logged in {"user_id":"user-1","email":"admin@taskflow.com"}
[2025-12-13 12:19:40] [INFO] User logged out {"user_id":"user-1"}
[2025-12-13 12:19:47] [INFO] User logged in {"user_id":"user-2","email":"manager@taskflow.com"}
[2025-12-13 12:20:11] [INFO] User logged out {"user_id":"user-2"}
[2025-12-13 12:20:16] [INFO] User logged in {"user_id":"33921795-e71f-45dc-8e34-037d61023114","email":"tri@gmail.com"}
[2025-12-13 12:30:17] [INFO] User logged out {"user_id":"33921795-e71f-45dc-8e34-037d61023114"}
[2025-12-13 12:30:22] [INFO] User logged in {"user_id":"user-1","email":"admin@taskflow.com"}
[2025-12-13 12:37:22] [INFO] User logged out {"user_id":"user-1"}
[2025-12-13 12:37:24] [INFO] User logged in {"user_id":"33921795-e71f-45dc-8e34-037d61023114","email":"tri@gmail.com"}
[2025-12-13 12:58:42] [INFO] User logged out {"user_id":"33921795-e71f-45dc-8e34-037d61023114"}
[2025-12-13 12:58:45] [INFO] User logged in {"user_id":"user-1","email":"admin@taskflow.com"}
[2025-12-13 13:59:23] [INFO] User logged out {"user_id":"user-1"}
[2025-12-13 13:59:27] [INFO] User logged in {"user_id":"user-2","email":"manager@taskflow.com"}
[2025-12-13 13:59:56] [INFO] User logged out {"user_id":"user-2"}
[2025-12-13 13:59:59] [INFO] User logged in {"user_id":"user-1","email":"admin@taskflow.com"}
[2025-12-13 14:03:40] [INFO] User logged out {"user_id":"user-1"}
[2025-12-13 14:03:43] [INFO] User logged in {"user_id":"user-2","email":"manager@taskflow.com"}
[2025-12-13 14:03:50] [INFO] User logged out {"user_id":"user-2"}
[2025-12-13 14:03:53] [INFO] User logged in {"user_id":"user-1","email":"admin@taskflow.com"}
[2025-12-13 14:04:21] [INFO] User logged out {"user_id":"user-1"}
[2025-12-13 14:04:23] [INFO] User logged in {"user_id":"user-2","email":"manager@taskflow.com"}
[2025-12-13 14:05:34] [INFO] User logged out {"user_id":"user-2"}
[2025-12-13 14:05:38] [INFO] User logged in {"user_id":"user-1","email":"admin@taskflow.com"}
[2025-12-13 14:13:19] [INFO] User logged out {"user_id":"user-1"}
[2025-12-13 14:13:22] [INFO] User logged in {"user_id":"user-2","email":"manager@taskflow.com"}
[2025-12-13 14:19:24] [INFO] User logged out {"user_id":"user-2"}
[2025-12-13 14:19:28] [INFO] User logged in {"user_id":"user-1","email":"admin@taskflow.com"}
[2025-12-13 14:35:46] [INFO] User logged out {"user_id":"user-1"}
[2025-12-13 14:35:50] [INFO] User logged in {"user_id":"33921795-e71f-45dc-8e34-037d61023114","email":"tri@gmail.com"}
[2025-12-13 14:47:19] [INFO] User logged out {"user_id":"33921795-e71f-45dc-8e34-037d61023114"}
[2025-12-13 14:47:23] [INFO] User logged in {"user_id":"user-4","email":"frontend@taskflow.com"}
[2025-12-13 14:47:41] [INFO] User logged out {"user_id":"user-4"}
[2025-12-13 14:47:44] [INFO] User logged in {"user_id":"user-1","email":"admin@taskflow.com"}
[2025-12-13 14:51:17] [INFO] User logged out {"user_id":"user-1"}
[2025-12-13 14:51:27] [INFO] User logged in {"user_id":"user-2","email":"manager@taskflow.com"}
[2025-12-13 15:01:27] [INFO] User logged out {"user_id":"user-2"}
[2025-12-13 15:01:35] [INFO] User logged in {"user_id":"33921795-e71f-45dc-8e34-037d61023114","email":"tri@gmail.com"}
[2025-12-13 15:01:53] [INFO] User logged out {"user_id":"33921795-e71f-45dc-8e34-037d61023114"}
[2025-12-13 15:01:57] [INFO] User logged in {"user_id":"user-1","email":"admin@taskflow.com"}
[2025-12-13 15:03:19] [INFO] User logged out {"user_id":"user-1"}
[2025-12-13 15:03:22] [INFO] User logged in {"user_id":"user-2","email":"manager@taskflow.com"}
[2025-12-13 15:24:17] [INFO] User logged out {"user_id":"user-2"}
[2025-12-13 15:24:20] [INFO] User logged in {"user_id":"user-1","email":"admin@taskflow.com"}
[2025-12-13 15:27:52] [INFO] User logged out {"user_id":"user-1"}
[2025-12-13 15:27:55] [INFO] User logged in {"user_id":"user-2","email":"manager@taskflow.com"}
[2025-12-13 15:28:06] [INFO] User logged out {"user_id":"user-2"}
[2025-12-13 15:28:09] [INFO] User logged in {"user_id":"user-1","email":"admin@taskflow.com"}
[2025-12-13 15:28:24] [INFO] User logged out {"user_id":"user-1"}
[2025-12-13 15:28:27] [INFO] User logged in {"user_id":"user-2","email":"manager@taskflow.com"}
[2025-12-13 15:29:05] [INFO] User logged out {"user_id":"user-2"}
[2025-12-13 15:29:08] [INFO] User logged in {"user_id":"user-1","email":"admin@taskflow.com"}
[2025-12-13 15:29:27] [INFO] User logged out {"user_id":"user-1"}
[2025-12-13 15:29:29] [INFO] User logged in {"user_id":"user-2","email":"manager@taskflow.com"}
[2025-12-13 15:41:46] [INFO] User logged out {"user_id":"user-2"}
[2025-12-13 15:41:50] [INFO] User logged in {"user_id":"user-1","email":"admin@taskflow.com"}
[2025-12-13 15:50:51] [INFO] User logged out {"user_id":"user-1"}
[2025-12-13 15:50:54] [INFO] User logged in {"user_id":"user-2","email":"manager@taskflow.com"}
[2025-12-13 15:51:07] [INFO] User logged out {"user_id":"user-2"}
[2025-12-13 15:51:10] [INFO] User logged in {"user_id":"user-1","email":"admin@taskflow.com"}
[2025-12-13 16:19:04] [INFO] User logged out {"user_id":"user-1"}
[2025-12-13 16:19:06] [INFO] User logged in {"user_id":"33921795-e71f-45dc-8e34-037d61023114","email":"tri@gmail.com"}
